2020-11-14 21:47:05.243 [main] INFO  com.soft1851.user.Application - No active profile set, falling back to default profiles: default
2020-11-14 21:47:10.524 [main] INFO  o.s.cloud.context.scope.GenericScope - BeanFactory id=7a3666c4-fea4-3f5e-9d2b-6e233edc3171
2020-11-14 21:47:11.681 [main] INFO  o.s.b.w.e.tomcat.TomcatWebServer - Tomcat initialized with port(s): 8003 (http)
2020-11-14 21:47:11.681 [main] INFO  o.a.coyote.http11.Http11NioProtocol - Initializing ProtocolHandler ["http-nio-8003"]
2020-11-14 21:47:11.681 [main] INFO  o.a.catalina.core.StandardService - Starting service [Tomcat]
2020-11-14 21:47:11.696 [main] INFO  o.a.catalina.core.StandardEngine - Starting Servlet engine: [Apache Tomcat/9.0.38]
2020-11-14 21:47:12.103 [main] INFO  o.a.c.c.C.[Tomcat].[localhost].[/] - Initializing Spring embedded WebApplicationContext
2020-11-14 21:47:12.103 [main] INFO  o.s.b.w.s.c.ServletWebServerApplicationContext - Root WebApplicationContext: initialization completed in 6844 ms
2020-11-14 21:47:12.290 [main] WARN  c.n.c.sources.URLConfigurationSource - No URLs will be polled as dynamic configuration sources.
2020-11-14 21:47:12.290 [main] INFO  c.n.c.sources.URLConfigurationSource - To enable URLs as dynamic configuration sources, define System property archaius.configurationSource.additionalUrls or make config.properties available on classpath.
2020-11-14 21:47:12.306 [main] WARN  c.n.c.sources.URLConfigurationSource - No URLs will be polled as dynamic configuration sources.
2020-11-14 21:47:12.306 [main] INFO  c.n.c.sources.URLConfigurationSource - To enable URLs as dynamic configuration sources, define System property archaius.configurationSource.additionalUrls or make config.properties available on classpath.
2020-11-14 21:47:13.968 [main] INFO  o.s.s.c.ThreadPoolTaskExecutor - Initializing ExecutorService 'applicationTaskExecutor'
2020-11-14 21:47:15.274 [main] INFO  o.a.coyote.http11.Http11NioProtocol - Starting ProtocolHandler ["http-nio-8003"]
2020-11-14 21:47:15.306 [main] INFO  o.s.b.w.e.tomcat.TomcatWebServer - Tomcat started on port(s): 8003 (http) with context path ''
2020-11-14 21:47:15.681 [main] INFO  com.soft1851.user.Application - Started Application in 17.044 seconds (JVM running for 20.12)
2020-11-14 21:53:18.915 [http-nio-8003-exec-1] INFO  o.a.c.c.C.[Tomcat].[localhost].[/] - Initializing Spring DispatcherServlet 'dispatcherServlet'
2020-11-14 21:53:18.915 [http-nio-8003-exec-1] INFO  o.s.web.servlet.DispatcherServlet - Initializing Servlet 'dispatcherServlet'
2020-11-14 21:53:18.946 [http-nio-8003-exec-1] INFO  o.s.web.servlet.DispatcherServlet - Completed initialization in 31 ms
2020-11-14 22:07:34.439 [main] INFO  com.soft1851.user.Application - The following profiles are active: dev
2020-11-14 22:07:34.767 [main] INFO  o.s.cloud.context.scope.GenericScope - BeanFactory id=7a3666c4-fea4-3f5e-9d2b-6e233edc3171
2020-11-14 22:07:34.939 [main] INFO  o.s.b.w.e.tomcat.TomcatWebServer - Tomcat initialized with port(s): 8003 (http)
2020-11-14 22:07:34.954 [main] INFO  o.a.coyote.http11.Http11NioProtocol - Initializing ProtocolHandler ["http-nio-8003"]
2020-11-14 22:07:34.954 [main] INFO  o.a.catalina.core.StandardService - Starting service [Tomcat]
2020-11-14 22:07:34.954 [main] INFO  o.a.catalina.core.StandardEngine - Starting Servlet engine: [Apache Tomcat/9.0.38]
2020-11-14 22:07:35.048 [main] INFO  o.a.c.c.C.[Tomcat].[localhost].[/] - Initializing Spring embedded WebApplicationContext
2020-11-14 22:07:35.048 [main] INFO  o.s.b.w.s.c.ServletWebServerApplicationContext - Root WebApplicationContext: initialization completed in 594 ms
2020-11-14 22:07:35.079 [main] WARN  c.n.c.sources.URLConfigurationSource - No URLs will be polled as dynamic configuration sources.
2020-11-14 22:07:35.079 [main] INFO  c.n.c.sources.URLConfigurationSource - To enable URLs as dynamic configuration sources, define System property archaius.configurationSource.additionalUrls or make config.properties available on classpath.
2020-11-14 22:07:35.095 [main] WARN  c.n.c.sources.URLConfigurationSource - No URLs will be polled as dynamic configuration sources.
2020-11-14 22:07:35.095 [main] INFO  c.n.c.sources.URLConfigurationSource - To enable URLs as dynamic configuration sources, define System property archaius.configurationSource.additionalUrls or make config.properties available on classpath.
2020-11-14 22:07:35.173 [main] INFO  o.s.s.c.ThreadPoolTaskExecutor - Initializing ExecutorService 'applicationTaskExecutor'
2020-11-14 22:07:35.689 [main] INFO  o.a.coyote.http11.Http11NioProtocol - Starting ProtocolHandler ["http-nio-8003"]
2020-11-14 22:07:35.704 [main] INFO  o.s.b.w.e.tomcat.TomcatWebServer - Tomcat started on port(s): 8003 (http) with context path ''
2020-11-14 22:07:36.110 [main] INFO  com.soft1851.user.Application - Started Application in 2.96 seconds (JVM running for 3.781)
2020-11-14 22:08:20.420 [http-nio-8003-exec-1] INFO  o.a.c.c.C.[Tomcat].[localhost].[/] - Initializing Spring DispatcherServlet 'dispatcherServlet'
2020-11-14 22:08:20.420 [http-nio-8003-exec-1] INFO  o.s.web.servlet.DispatcherServlet - Initializing Servlet 'dispatcherServlet'
2020-11-14 22:08:20.436 [http-nio-8003-exec-1] INFO  o.s.web.servlet.DispatcherServlet - Completed initialization in 16 ms
2020-11-14 22:08:20.452 [http-nio-8003-exec-1] INFO  c.s.user.controller.HelloController - info: hello
2020-11-14 22:08:20.452 [http-nio-8003-exec-1] INFO  c.s.user.controller.HelloController - info: hello
2020-11-14 22:08:20.452 [http-nio-8003-exec-1] INFO  c.s.user.controller.HelloController - error: hello
